
*** Running vivado
    with args -log RandomNumberGenLSFR_v1_0.vds -m64 -product Vivado -mode batch -messageDb vivado.pb -notrace -source RandomNumberGenLSFR_v1_0.tcl



****** Vivado v2020.2 (64-bit)
  **** SW Build 3064766 on Wed Nov 18 09:12:45 MST 2020
  **** IP Build 3064653 on Wed Nov 18 14:17:31 MST 2020
    ** Copyright 1986-2020 Xilinx, Inc. All Rights Reserved.

source RandomNumberGenLSFR_v1_0.tcl -notrace
INFO: [IP_Flow 19-234] Refreshing IP repositories
INFO: [IP_Flow 19-1700] Loaded user IP repository 'd:/CR/Projeto/ip_repo/RandomNumberGenLSFR_1.0'.
INFO: [IP_Flow 19-2313] Loaded Vivado IP repository 'D:/Vitis/Vivado/2020.2/data/ip'.
WARNING: [IP_Flow 19-4995] The host OS only allows 260 characters in a normal path. The IP cache path is more than 80 characters. If you experience issues with IP caching, please consider changing the IP cache to a location with a shorter path. Alternately consider using the OS subst command to map part of the path to a drive letter. 
Current IP cache path is d:/cr/projeto/mb_lsfr_randomnumber/mb_lsfr_randomnumber.tmp/randomnumbergenlsfr_v1_0_project/RandomNumberGenLSFR_v1_0_project.cache/ip 
Command: synth_design -top RandomNumberGenLSFR_v1_0 -part xc7a100tcsg324-1
Starting synth_design
Attempting to get a license for feature 'Synthesis' and/or device 'xc7a100t'
INFO: [Common 17-349] Got license for feature 'Synthesis' and/or device 'xc7a100t'
INFO: [Synth 8-7079] Multithreading enabled for synth_design using a maximum of 2 processes.
INFO: [Synth 8-7078] Launching helper process for spawning children vivado processes
INFO: [Synth 8-7075] Helper process launched with PID 15544
---------------------------------------------------------------------------------
Starting Synthesize : Time (s): cpu = 00:00:07 ; elapsed = 00:00:09 . Memory (MB): peak = 1000.004 ; gain = 0.000
---------------------------------------------------------------------------------
ERROR: [Synth 8-2032] formal readenabled is not declared [d:/CR/Projeto/ip_repo/RandomNumberGenLSFR_1.0/hdl/RandomNumberGenLSFR_v1_0.vhd:120]
ERROR: [Synth 8-2032] formal datavalid is not declared [d:/CR/Projeto/ip_repo/RandomNumberGenLSFR_1.0/hdl/RandomNumberGenLSFR_v1_0.vhd:137]
INFO: [Synth 8-2810] unit arch_imp ignored due to previous errors [d:/CR/Projeto/ip_repo/RandomNumberGenLSFR_1.0/hdl/RandomNumberGenLSFR_v1_0.vhd:47]
---------------------------------------------------------------------------------
Finished Synthesize : Time (s): cpu = 00:00:08 ; elapsed = 00:00:11 . Memory (MB): peak = 1000.004 ; gain = 0.000
---------------------------------------------------------------------------------
synthesize failed
INFO: [Common 17-83] Releasing license: Synthesis
9 Infos, 1 Warnings, 0 Critical Warnings and 3 Errors encountered.
synth_design failed
ERROR: [Common 17-69] Command failed: Vivado Synthesis failed
INFO: [Common 17-206] Exiting Vivado at Thu Jun 16 10:14:31 2022...
