Copyright 1986-2020 Xilinx, Inc. All Rights Reserved.
------------------------------------------------------------------------------------
| Tool Version : Vivado v.2020.2 (win64) Build 3064766 Wed Nov 18 09:12:45 MST 2020
| Date         : Thu Jun 16 13:07:36 2022
| Host         : DESKTOP-GOG3PBJ running 64-bit major release  (build 9200)
| Command      : upgrade_ip
| Device       : xc7a100tcsg324-1
------------------------------------------------------------------------------------

Upgrade Log for IP 'design_1_LSFR_Random_0_0'

1. Summary
----------

SUCCESS in the upgrade of design_1_LSFR_Random_0_0 (xilinx.com:user:LSFR_Random:1.0) from (Rev. 16) to (Rev. 17)






Copyright 1986-2020 Xilinx, Inc. All Rights Reserved.
------------------------------------------------------------------------------------
| Tool Version : Vivado v.2020.2 (win64) Build 3064766 Wed Nov 18 09:12:45 MST 2020
| Date         : Thu Jun 16 12:50:31 2022
| Host         : DESKTOP-GOG3PBJ running 64-bit major release  (build 9200)
| Command      : upgrade_ip
| Device       : xc7a100tcsg324-1
------------------------------------------------------------------------------------

Upgrade Log for IP 'design_1_LSFR_Random_0_0'

1. Summary
----------

SUCCESS in the upgrade of design_1_LSFR_Random_0_0 (xilinx.com:user:LSFR_Random:1.0) from (Rev. 15) to (Rev. 16)






Copyright 1986-2020 Xilinx, Inc. All Rights Reserved.
------------------------------------------------------------------------------------
| Tool Version : Vivado v.2020.2 (win64) Build 3064766 Wed Nov 18 09:12:45 MST 2020
| Date         : Thu Jun 16 12:22:12 2022
| Host         : DESKTOP-GOG3PBJ running 64-bit major release  (build 9200)
| Command      : upgrade_ip
| Device       : xc7a100tcsg324-1
------------------------------------------------------------------------------------

Upgrade Log for IP 'design_1_LSFR_Random_0_0'

1. Summary
----------

SUCCESS in the upgrade of design_1_LSFR_Random_0_0 (xilinx.com:user:LSFR_Random:1.0) from (Rev. 14) to (Rev. 15)






Copyright 1986-2020 Xilinx, Inc. All Rights Reserved.
------------------------------------------------------------------------------------
| Tool Version : Vivado v.2020.2 (win64) Build 3064766 Wed Nov 18 09:12:45 MST 2020
| Date         : Thu Jun 16 12:06:23 2022
| Host         : DESKTOP-GOG3PBJ running 64-bit major release  (build 9200)
| Command      : upgrade_ip
| Device       : xc7a100tcsg324-1
------------------------------------------------------------------------------------

Upgrade Log for IP 'design_1_LSFR_Random_0_0'

1. Summary
----------

SUCCESS in the upgrade of design_1_LSFR_Random_0_0 (xilinx.com:user:LSFR_Random:1.0) from (Rev. 10) to (Rev. 14)






Copyright 1986-2020 Xilinx, Inc. All Rights Reserved.
------------------------------------------------------------------------------------
| Tool Version : Vivado v.2020.2 (win64) Build 3064766 Wed Nov 18 09:12:45 MST 2020
| Date         : Thu Jun 16 11:52:47 2022
| Host         : DESKTOP-GOG3PBJ running 64-bit major release  (build 9200)
| Command      : upgrade_ip
| Device       : xc7a100tcsg324-1
------------------------------------------------------------------------------------

Upgrade Log for IP 'design_1_LSFR_Random_0_0'

1. Summary
----------

SUCCESS in the upgrade of design_1_LSFR_Random_0_0 (xilinx.com:user:LSFR_Random:1.0) from (Rev. 9) to (Rev. 10)






Copyright 1986-2020 Xilinx, Inc. All Rights Reserved.
------------------------------------------------------------------------------------
| Tool Version : Vivado v.2020.2 (win64) Build 3064766 Wed Nov 18 09:12:45 MST 2020
| Date         : Thu Jun 16 11:31:17 2022
| Host         : DESKTOP-GOG3PBJ running 64-bit major release  (build 9200)
| Command      : upgrade_ip
| Device       : xc7a100tcsg324-1
------------------------------------------------------------------------------------

Upgrade Log for IP 'design_1_LSFR_Random_0_0'

1. Summary
----------

SUCCESS in the upgrade of design_1_LSFR_Random_0_0 (xilinx.com:user:LSFR_Random:1.0) from (Rev. 8) to (Rev. 9)






Copyright 1986-2020 Xilinx, Inc. All Rights Reserved.
------------------------------------------------------------------------------------
| Tool Version : Vivado v.2020.2 (win64) Build 3064766 Wed Nov 18 09:12:45 MST 2020
| Date         : Thu Jun 16 11:19:04 2022
| Host         : DESKTOP-GOG3PBJ running 64-bit major release  (build 9200)
| Command      : upgrade_ip
| Device       : xc7a100tcsg324-1
------------------------------------------------------------------------------------

Upgrade Log for IP 'design_1_LSFR_Random_0_0'

1. Summary
----------

SUCCESS in the upgrade of design_1_LSFR_Random_0_0 (xilinx.com:user:LSFR_Random:1.0) from (Rev. 7) to (Rev. 8)






Copyright 1986-2020 Xilinx, Inc. All Rights Reserved.
------------------------------------------------------------------------------------
| Tool Version : Vivado v.2020.2 (win64) Build 3064766 Wed Nov 18 09:12:45 MST 2020
| Date         : Thu Jun 16 11:01:37 2022
| Host         : DESKTOP-GOG3PBJ running 64-bit major release  (build 9200)
| Command      : upgrade_ip
| Device       : xc7a100tcsg324-1
------------------------------------------------------------------------------------

Upgrade Log for IP 'design_1_LSFR_Random_0_0'

1. Summary
----------

SUCCESS in the upgrade of design_1_LSFR_Random_0_0 (xilinx.com:user:LSFR_Random:1.0) from (Rev. 6) to (Rev. 7)






Copyright 1986-2020 Xilinx, Inc. All Rights Reserved.
------------------------------------------------------------------------------------
| Tool Version : Vivado v.2020.2 (win64) Build 3064766 Wed Nov 18 09:12:45 MST 2020
| Date         : Thu Jun 16 10:48:47 2022
| Host         : DESKTOP-GOG3PBJ running 64-bit major release  (build 9200)
| Command      : upgrade_ip
| Device       : xc7a100tcsg324-1
------------------------------------------------------------------------------------

Upgrade Log for IP 'design_1_LSFR_Random_0_0'

1. Summary
----------

CAUTION (success, with warnings) in the upgrade of design_1_LSFR_Random_0_0 (xilinx.com:user:LSFR_Random:1.0) from (Rev. 1) to (Rev. 6)

After upgrade, an IP may have parameter and port differences compared to the original customization. Please review the parameters within the IP customization GUI to ensure proper functionality. Also, please review the updated IP instantiation template to ensure proper connectivity, and update your design if required.

2. Connection Warnings
----------------------

Detected external port differences while upgrading 'design_1_LSFR_Random_0_0'. These changes may impact your design.


-Upgraded port order differs after port 's00_axis_aclk'


